This file contains any messages produced by compilers while
running configure, to aid debugging if configure makes a mistake.

It was created by configure, which was
generated by GNU Autoconf 2.69.  Invocation command line was

  $ ./configure 

## --------- ##
## Platform. ##
## --------- ##

hostname = parrot
uname -m = x86_64
uname -r = 4.18.0-parrot8-amd64
uname -s = Linux
uname -v = #1 SMP Parrot 4.18.6-1parrot8 (2018-09-07)

/usr/bin/uname -p = unknown
/bin/uname -X     = unknown

/bin/arch              = unknown
/usr/bin/arch -k       = unknown
/usr/convex/getsysinfo = unknown
/usr/bin/hostinfo      = unknown
/bin/machine           = unknown
/usr/bin/oslevel       = unknown
/bin/universe          = unknown

PATH: /usr/local/bin
PATH: /usr/bin
PATH: /bin
PATH: /usr/local/games
PATH: /usr/games
PATH: /usr/share/games
PATH: /usr/local/sbin
PATH: /usr/sbin
PATH: /sbin
PATH: /home/theb3arybear/local/bin


## ----------- ##
## Core tests. ##
## ----------- ##

configure:2507: checking build system type
configure:2521: result: x86_64-pc-linux-gnu
configure:2541: checking host system type
configure:2554: result: x86_64-pc-linux-gnu
configure:2631: checking for gcc
configure:2647: found /usr/bin/gcc
configure:2658: result: gcc
configure:2887: checking for C compiler version
configure:2896: gcc --version >&5
gcc (Debian 9.2.1-21) 9.2.1 20191130
Copyright (C) 2019 Free Software Foundation, Inc.
This is free software; see the source for copying conditions.  There is NO
warranty; not even for MERCHANTABILITY or FITNESS FOR A PARTICULAR PURPOSE.

configure:2907: $? = 0
configure:2896: gcc -v >&5
Using built-in specs.
COLLECT_GCC=gcc
COLLECT_LTO_WRAPPER=/usr/lib/gcc/x86_64-linux-gnu/9/lto-wrapper
OFFLOAD_TARGET_NAMES=nvptx-none:hsa
OFFLOAD_TARGET_DEFAULT=1
Target: x86_64-linux-gnu
Configured with: ../src/configure -v --with-pkgversion='Debian 9.2.1-21' --with-bugurl=file:///usr/share/doc/gcc-9/README.Bugs --enable-languages=c,ada,c++,go,brig,d,fortran,objc,obj-c++,gm2 --prefix=/usr --with-gcc-major-version-only --program-suffix=-9 --program-prefix=x86_64-linux-gnu- --enable-shared --enable-linker-build-id --libexecdir=/usr/lib --without-included-gettext --enable-threads=posix --libdir=/usr/lib --enable-nls --enable-bootstrap --enable-clocale=gnu --enable-libstdcxx-debug --enable-libstdcxx-time=yes --with-default-libstdcxx-abi=new --enable-gnu-unique-object --disable-vtable-verify --enable-plugin --enable-default-pie --with-system-zlib --with-target-system-zlib=auto --enable-objc-gc=auto --enable-multiarch --disable-werror --with-arch-32=i686 --with-abi=m64 --with-multilib-list=m32,m64,mx32 --enable-multilib --with-tune=generic --enable-offload-targets=nvptx-none,hsa --without-cuda-driver --enable-checking=release --build=x86_64-linux-gnu --host=x86_64-linux-gnu --target=x86_64-linux-gnu --with-build-config=bootstrap-lto-lean --enable-link-mutex
Thread model: posix
gcc version 9.2.1 20191130 (Debian 9.2.1-21) 
configure:2907: $? = 0
configure:2896: gcc -V >&5
gcc: error: unrecognized command line option '-V'
gcc: fatal error: no input files
compilation terminated.
configure:2907: $? = 1
configure:2896: gcc -qversion >&5
gcc: error: unrecognized command line option '-qversion'; did you mean '--version'?
gcc: fatal error: no input files
compilation terminated.
configure:2907: $? = 1
configure:2927: checking whether the C compiler works
configure:2949: gcc    conftest.c  >&5
configure:2953: $? = 0
configure:3001: result: yes
configure:3004: checking for C compiler default output file name
configure:3006: result: a.out
configure:3012: checking for suffix of executables
configure:3019: gcc -o conftest    conftest.c  >&5
configure:3023: $? = 0
configure:3045: result: 
configure:3067: checking whether we are cross compiling
configure:3075: gcc -o conftest    conftest.c  >&5
configure:3079: $? = 0
configure:3086: ./conftest
configure:3090: $? = 0
configure:3078: result: no
configure:3083: checking for suffix of object files
configure:3105: gcc -c   conftest.c >&5
configure:3109: $? = 0
configure:3130: result: o
configure:3134: checking whether we are using the GNU C compiler
configure:3153: gcc -c   conftest.c >&5
configure:3153: $? = 0
configure:3162: result: yes
configure:3171: checking whether gcc accepts -g
configure:3191: gcc -c -g  conftest.c >&5
configure:3191: $? = 0
configure:3232: result: yes
configure:3249: checking for gcc option to accept ISO C89
configure:3312: gcc  -c   conftest.c >&5
configure:3312: $? = 0
configure:3325: result: none needed
configure:3403: checking for g++
configure:3419: found /usr/bin/g++
configure:3430: result: g++
configure:3457: checking for C++ compiler version
configure:3466: g++ --version >&5
g++ (Debian 9.2.1-21) 9.2.1 20191130
Copyright (C) 2019 Free Software Foundation, Inc.
This is free software; see the source for copying conditions.  There is NO
warranty; not even for MERCHANTABILITY or FITNESS FOR A PARTICULAR PURPOSE.

configure:3477: $? = 0
configure:3466: g++ -v >&5
Using built-in specs.
COLLECT_GCC=g++
COLLECT_LTO_WRAPPER=/usr/lib/gcc/x86_64-linux-gnu/9/lto-wrapper
OFFLOAD_TARGET_NAMES=nvptx-none:hsa
OFFLOAD_TARGET_DEFAULT=1
Target: x86_64-linux-gnu
Configured with: ../src/configure -v --with-pkgversion='Debian 9.2.1-21' --with-bugurl=file:///usr/share/doc/gcc-9/README.Bugs --enable-languages=c,ada,c++,go,brig,d,fortran,objc,obj-c++,gm2 --prefix=/usr --with-gcc-major-version-only --program-suffix=-9 --program-prefix=x86_64-linux-gnu- --enable-shared --enable-linker-build-id --libexecdir=/usr/lib --without-included-gettext --enable-threads=posix --libdir=/usr/lib --enable-nls --enable-bootstrap --enable-clocale=gnu --enable-libstdcxx-debug --enable-libstdcxx-time=yes --with-default-libstdcxx-abi=new --enable-gnu-unique-object --disable-vtable-verify --enable-plugin --enable-default-pie --with-system-zlib --with-target-system-zlib=auto --enable-objc-gc=auto --enable-multiarch --disable-werror --with-arch-32=i686 --with-abi=m64 --with-multilib-list=m32,m64,mx32 --enable-multilib --with-tune=generic --enable-offload-targets=nvptx-none,hsa --without-cuda-driver --enable-checking=release --build=x86_64-linux-gnu --host=x86_64-linux-gnu --target=x86_64-linux-gnu --with-build-config=bootstrap-lto-lean --enable-link-mutex
Thread model: posix
gcc version 9.2.1 20191130 (Debian 9.2.1-21) 
configure:3477: $? = 0
configure:3466: g++ -V >&5
g++: error: unrecognized command line option '-V'
g++: fatal error: no input files
compilation terminated.
configure:3477: $? = 1
configure:3466: g++ -qversion >&5
g++: error: unrecognized command line option '-qversion'; did you mean '--version'?
g++: fatal error: no input files
compilation terminated.
configure:3477: $? = 1
configure:3481: checking whether we are using the GNU C++ compiler
configure:3500: g++ -c   conftest.cpp >&5
configure:3500: $? = 0
configure:3509: result: yes
configure:3518: checking whether g++ accepts -g
configure:3538: g++ -c -g  conftest.cpp >&5
configure:3538: $? = 0
configure:3579: result: yes
configure:4082: checking for a BSD-compatible install
configure:4150: result: /usr/bin/install -c
configure:4172: checking for nroff
configure:4190: found /usr/bin/nroff
configure:4202: result: /usr/bin/nroff
configure:4260: checking for doxygen
configure:4293: result: no
configure:4342: checking for ranlib
configure:4358: found /usr/bin/ranlib
configure:4369: result: ranlib
configure:4437: checking for ar
configure:4455: found /usr/bin/ar
configure:4467: result: /usr/bin/ar
configure:4548: checking for windres
configure:4581: result: no
configure:4607: checking how to run the C preprocessor
configure:4638: gcc -E  conftest.c
configure:4638: $? = 0
configure:4652: gcc -E  conftest.c
conftest.c:9:10: fatal error: ac_nonexistent.h: No such file or directory
    9 | #include <ac_nonexistent.h>
      |          ^~~~~~~~~~~~~~~~~~
compilation terminated.
configure:4652: $? = 1
configure: failed program was:
| /* confdefs.h */
| #define PACKAGE_NAME ""
| #define PACKAGE_TARNAME ""
| #define PACKAGE_VERSION ""
| #define PACKAGE_STRING ""
| #define PACKAGE_BUGREPORT ""
| #define PACKAGE_URL ""
| /* end confdefs.h.  */
| #include <ac_nonexistent.h>
configure:4677: result: gcc -E
configure:4697: gcc -E  conftest.c
configure:4697: $? = 0
configure:4711: gcc -E  conftest.c
conftest.c:9:10: fatal error: ac_nonexistent.h: No such file or directory
    9 | #include <ac_nonexistent.h>
      |          ^~~~~~~~~~~~~~~~~~
compilation terminated.
configure:4711: $? = 1
configure: failed program was:
| /* confdefs.h */
| #define PACKAGE_NAME ""
| #define PACKAGE_TARNAME ""
| #define PACKAGE_VERSION ""
| #define PACKAGE_STRING ""
| #define PACKAGE_BUGREPORT ""
| #define PACKAGE_URL ""
| /* end confdefs.h.  */
| #include <ac_nonexistent.h>
configure:4740: checking for grep that handles long lines and -e
configure:4798: result: /bin/grep
configure:4803: checking for egrep
configure:4865: result: /bin/grep -E
configure:4870: checking for ANSI C header files
configure:4890: gcc -c   conftest.c >&5
configure:4890: $? = 0
configure:4963: gcc -o conftest    conftest.c  >&5
configure:4963: $? = 0
configure:4963: ./conftest
configure:4963: $? = 0
configure:4974: result: yes
configure:4987: checking for sys/types.h
configure:4987: gcc -c   conftest.c >&5
configure:4987: $? = 0
configure:4987: result: yes
configure:4987: checking for sys/stat.h
configure:4987: gcc -c   conftest.c >&5
configure:4987: $? = 0
configure:4987: result: yes
configure:4987: checking for stdlib.h
configure:4987: gcc -c   conftest.c >&5
configure:4987: $? = 0
configure:4987: result: yes
configure:4987: checking for string.h
configure:4987: gcc -c   conftest.c >&5
configure:4987: $? = 0
configure:4987: result: yes
configure:4987: checking for memory.h
configure:4987: gcc -c   conftest.c >&5
configure:4987: $? = 0
configure:4987: result: yes
configure:4987: checking for strings.h
configure:4987: gcc -c   conftest.c >&5
configure:4987: $? = 0
configure:4987: result: yes
configure:4987: checking for inttypes.h
configure:4987: gcc -c   conftest.c >&5
configure:4987: $? = 0
configure:4987: result: yes
configure:4987: checking for stdint.h
configure:4987: gcc -c   conftest.c >&5
configure:4987: $? = 0
configure:4987: result: yes
configure:4987: checking for unistd.h
configure:4987: gcc -c   conftest.c >&5
configure:4987: $? = 0
configure:4987: result: yes
configure:5003: checking size of short
configure:5008: gcc -o conftest    conftest.c  >&5
configure:5008: $? = 0
configure:5008: ./conftest
configure:5008: $? = 0
configure:5022: result: 2
configure:5036: checking size of int
configure:5041: gcc -o conftest    conftest.c  >&5
configure:5041: $? = 0
configure:5041: ./conftest
configure:5041: $? = 0
configure:5055: result: 4
configure:5069: checking size of long
configure:5074: gcc -o conftest    conftest.c  >&5
configure:5074: $? = 0
configure:5074: ./conftest
configure:5074: $? = 0
configure:5088: result: 8
configure:5115: checking whether byte ordering is bigendian
configure:5130: gcc -c   conftest.c >&5
conftest.c:25:9: error: unknown type name 'not'
   25 |         not a universal capable compiler
      |         ^~~
conftest.c:25:15: error: expected '=', ',', ';', 'asm' or '__attribute__' before 'universal'
   25 |         not a universal capable compiler
      |               ^~~~~~~~~
conftest.c:25:15: error: unknown type name 'universal'
configure:5130: $? = 1
configure: failed program was:
| /* confdefs.h */
| #define PACKAGE_NAME ""
| #define PACKAGE_TARNAME ""
| #define PACKAGE_VERSION ""
| #define PACKAGE_STRING ""
| #define PACKAGE_BUGREPORT ""
| #define PACKAGE_URL ""
| #define STDC_HEADERS 1
| #define HAVE_SYS_TYPES_H 1
| #define HAVE_SYS_STAT_H 1
| #define HAVE_STDLIB_H 1
| #define HAVE_STRING_H 1
| #define HAVE_MEMORY_H 1
| #define HAVE_STRINGS_H 1
| #define HAVE_INTTYPES_H 1
| #define HAVE_STDINT_H 1
| #define HAVE_UNISTD_H 1
| #define SIZEOF_SHORT 2
| #define SIZEOF_INT 4
| #define SIZEOF_LONG 8
| #define U16 unsigned short
| #define U32 unsigned
| /* end confdefs.h.  */
| #ifndef __APPLE_CC__
| 	       not a universal capable compiler
| 	     #endif
| 	     typedef int dummy;
| 
configure:5175: gcc -c   conftest.c >&5
configure:5175: $? = 0
configure:5193: gcc -c   conftest.c >&5
conftest.c: In function 'main':
conftest.c:31:4: error: unknown type name 'not'; did you mean 'ino_t'?
   31 |    not big endian
      |    ^~~
      |    ino_t
conftest.c:31:12: error: expected '=', ',', ';', 'asm' or '__attribute__' before 'endian'
   31 |    not big endian
      |            ^~~~~~
configure:5193: $? = 1
configure: failed program was:
| /* confdefs.h */
| #define PACKAGE_NAME ""
| #define PACKAGE_TARNAME ""
| #define PACKAGE_VERSION ""
| #define PACKAGE_STRING ""
| #define PACKAGE_BUGREPORT ""
| #define PACKAGE_URL ""
| #define STDC_HEADERS 1
| #define HAVE_SYS_TYPES_H 1
| #define HAVE_SYS_STAT_H 1
| #define HAVE_STDLIB_H 1
| #define HAVE_STRING_H 1
| #define HAVE_MEMORY_H 1
| #define HAVE_STRINGS_H 1
| #define HAVE_INTTYPES_H 1
| #define HAVE_STDINT_H 1
| #define HAVE_UNISTD_H 1
| #define SIZEOF_SHORT 2
| #define SIZEOF_INT 4
| #define SIZEOF_LONG 8
| #define U16 unsigned short
| #define U32 unsigned
| /* end confdefs.h.  */
| #include <sys/types.h>
| 		#include <sys/param.h>
| 
| int
| main ()
| {
| #if BYTE_ORDER != BIG_ENDIAN
| 		 not big endian
| 		#endif
| 
|   ;
|   return 0;
| }
configure:5321: result: no
configure:5352: checking whether the compiler recognizes bool as a built-in type
configure:5382: g++ -c   conftest.cpp >&5
configure:5382: $? = 0
configure:5396: result: yes
configure:5406: checking for dirent.h that defines DIR
configure:5425: gcc -c   conftest.c >&5
configure:5425: $? = 0
configure:5433: result: yes
configure:5446: checking for library containing opendir
configure:5477: gcc -o conftest    conftest.c  >&5
configure:5477: $? = 0
configure:5494: result: none required
configure:5564: checking sys/select.h usability
configure:5564: gcc -c   conftest.c >&5
configure:5564: $? = 0
configure:5564: result: yes
configure:5564: checking sys/select.h presence
configure:5564: gcc -E  conftest.c
configure:5564: $? = 0
configure:5564: result: yes
configure:5564: checking for sys/select.h
configure:5564: result: yes
configure:5564: checking sys/stdtypes.h usability
configure:5564: gcc -c   conftest.c >&5
conftest.c:60:10: fatal error: sys/stdtypes.h: No such file or directory
   60 | #include <sys/stdtypes.h>
      |          ^~~~~~~~~~~~~~~~
compilation terminated.
configure:5564: $? = 1
configure: failed program was:
| /* confdefs.h */
| #define PACKAGE_NAME ""
| #define PACKAGE_TARNAME ""
| #define PACKAGE_VERSION ""
| #define PACKAGE_STRING ""
| #define PACKAGE_BUGREPORT ""
| #define PACKAGE_URL ""
| #define STDC_HEADERS 1
| #define HAVE_SYS_TYPES_H 1
| #define HAVE_SYS_STAT_H 1
| #define HAVE_STDLIB_H 1
| #define HAVE_STRING_H 1
| #define HAVE_MEMORY_H 1
| #define HAVE_STRINGS_H 1
| #define HAVE_INTTYPES_H 1
| #define HAVE_STDINT_H 1
| #define HAVE_UNISTD_H 1
| #define SIZEOF_SHORT 2
| #define SIZEOF_INT 4
| #define SIZEOF_LONG 8
| #define U16 unsigned short
| #define U32 unsigned
| #define U64 unsigned long
| #define HAVE_DIRENT_H 1
| #define HAVE_SYS_SELECT_H 1
| /* end confdefs.h.  */
| #include <stdio.h>
| #ifdef HAVE_SYS_TYPES_H
| # include <sys/types.h>
| #endif
| #ifdef HAVE_SYS_STAT_H
| # include <sys/stat.h>
| #endif
| #ifdef STDC_HEADERS
| # include <stdlib.h>
| # include <stddef.h>
| #else
| # ifdef HAVE_STDLIB_H
| #  include <stdlib.h>
| # endif
| #endif
| #ifdef HAVE_STRING_H
| # if !defined STDC_HEADERS && defined HAVE_MEMORY_H
| #  include <memory.h>
| # endif
| # include <string.h>
| #endif
| #ifdef HAVE_STRINGS_H
| # include <strings.h>
| #endif
| #ifdef HAVE_INTTYPES_H
| # include <inttypes.h>
| #endif
| #ifdef HAVE_STDINT_H
| # include <stdint.h>
| #endif
| #ifdef HAVE_UNISTD_H
| # include <unistd.h>
| #endif
| #include <sys/stdtypes.h>
configure:5564: result: no
configure:5564: checking sys/stdtypes.h presence
configure:5564: gcc -E  conftest.c
conftest.c:27:10: fatal error: sys/stdtypes.h: No such file or directory
   27 | #include <sys/stdtypes.h>
      |          ^~~~~~~~~~~~~~~~
compilation terminated.
configure:5564: $? = 1
configure: failed program was:
| /* confdefs.h */
| #define PACKAGE_NAME ""
| #define PACKAGE_TARNAME ""
| #define PACKAGE_VERSION ""
| #define PACKAGE_STRING ""
| #define PACKAGE_BUGREPORT ""
| #define PACKAGE_URL ""
| #define STDC_HEADERS 1
| #define HAVE_SYS_TYPES_H 1
| #define HAVE_SYS_STAT_H 1
| #define HAVE_STDLIB_H 1
| #define HAVE_STRING_H 1
| #define HAVE_MEMORY_H 1
| #define HAVE_STRINGS_H 1
| #define HAVE_INTTYPES_H 1
| #define HAVE_STDINT_H 1
| #define HAVE_UNISTD_H 1
| #define SIZEOF_SHORT 2
| #define SIZEOF_INT 4
| #define SIZEOF_LONG 8
| #define U16 unsigned short
| #define U32 unsigned
| #define U64 unsigned long
| #define HAVE_DIRENT_H 1
| #define HAVE_SYS_SELECT_H 1
| /* end confdefs.h.  */
| #include <sys/stdtypes.h>
configure:5564: result: no
configure:5564: checking for sys/stdtypes.h
configure:5564: result: no
configure:5575: checking whether we have the POSIX compatible scandir() prototype
configure:5604: g++ -c   conftest.cpp >&5
configure:5604: $? = 0
configure:5618: result: yes
configure:5644: checking for vsnprintf
configure:5644: gcc -o conftest    conftest.c  >&5
conftest.c:52:6: warning: conflicting types for built-in function 'vsnprintf'; expected 'int(char *, long unsigned int,  const char *, __va_list_tag *)' [-Wbuiltin-declaration-mismatch]
   52 | char vsnprintf ();
      |      ^~~~~~~~~
conftest.c:40:1: note: 'vsnprintf' is declared in header '<stdio.h>'
   39 | # include <limits.h>
   40 | #else
configure:5644: $? = 0
configure:5644: result: yes
configure:5663: checking for snprintf
configure:5663: gcc -o conftest    conftest.c  >&5
conftest.c:53:6: warning: conflicting types for built-in function 'snprintf'; expected 'int(char *, long unsigned int,  const char *, ...)' [-Wbuiltin-declaration-mismatch]
   53 | char snprintf ();
      |      ^~~~~~~~
conftest.c:41:1: note: 'snprintf' is declared in header '<stdio.h>'
   40 | # include <limits.h>
   41 | #else
configure:5663: $? = 0
configure:5663: result: yes
configure:5684: checking for strings.h
configure:5684: result: yes
configure:5697: checking for strcasecmp
configure:5697: gcc -o conftest    conftest.c  >&5
conftest.c:55:6: warning: conflicting types for built-in function 'strcasecmp'; expected 'int(const char *, const char *)' [-Wbuiltin-declaration-mismatch]
   55 | char strcasecmp ();
      |      ^~~~~~~~~~
configure:5697: $? = 0
configure:5697: result: yes
configure:5697: checking for strlcat
configure:5697: gcc -o conftest    conftest.c  >&5
/usr/bin/ld: /tmp/ccA1NfDK.o: in function `main':
conftest.c:(.text+0xa): undefined reference to `strlcat'
collect2: error: ld returned 1 exit status
configure:5697: $? = 1
configure: failed program was:
| /* confdefs.h */
| #define PACKAGE_NAME ""
| #define PACKAGE_TARNAME ""
| #define PACKAGE_VERSION ""
| #define PACKAGE_STRING ""
| #define PACKAGE_BUGREPORT ""
| #define PACKAGE_URL ""
| #define STDC_HEADERS 1
| #define HAVE_SYS_TYPES_H 1
| #define HAVE_SYS_STAT_H 1
| #define HAVE_STDLIB_H 1
| #define HAVE_STRING_H 1
| #define HAVE_MEMORY_H 1
| #define HAVE_STRINGS_H 1
| #define HAVE_INTTYPES_H 1
| #define HAVE_STDINT_H 1
| #define HAVE_UNISTD_H 1
| #define SIZEOF_SHORT 2
| #define SIZEOF_INT 4
| #define SIZEOF_LONG 8
| #define U16 unsigned short
| #define U32 unsigned
| #define U64 unsigned long
| #define HAVE_DIRENT_H 1
| #define HAVE_SYS_SELECT_H 1
| #define HAVE_SCANDIR 1
| #define HAVE_SCANDIR_POSIX 1
| #define HAVE_VSNPRINTF 1
| #define HAVE_SNPRINTF 1
| #define HAVE_STRINGS_H 1
| #define HAVE_STRCASECMP 1
| /* end confdefs.h.  */
| /* Define strlcat to an innocuous variant, in case <limits.h> declares strlcat.
|    For example, HP-UX 11i <limits.h> declares gettimeofday.  */
| #define strlcat innocuous_strlcat
| 
| /* System header to define __stub macros and hopefully few prototypes,
|     which can conflict with char strlcat (); below.
|     Prefer <limits.h> to <assert.h> if __STDC__ is defined, since
|     <limits.h> exists even on freestanding compilers.  */
| 
| #ifdef __STDC__
| # include <limits.h>
| #else
| # include <assert.h>
| #endif
| 
| #undef strlcat
| 
| /* Override any GCC internal prototype to avoid an error.
|    Use char because int might match the return type of a GCC
|    builtin and then its argument prototype would still apply.  */
| #ifdef __cplusplus
| extern "C"
| #endif
| char strlcat ();
| /* The GNU C library defines this for functions which it implements
|     to always fail with ENOSYS.  Some functions are actually named
|     something starting with __ and the normal name is an alias.  */
| #if defined __stub_strlcat || defined __stub___strlcat
| choke me
| #endif
| 
| int
| main ()
| {
| return strlcat ();
|   ;
|   return 0;
| }
configure:5697: result: no
configure:5697: checking for strlcpy
configure:5697: gcc -o conftest    conftest.c  >&5
/usr/bin/ld: /tmp/cc1xQXoP.o: in function `main':
conftest.c:(.text+0xa): undefined reference to `strlcpy'
collect2: error: ld returned 1 exit status
configure:5697: $? = 1
configure: failed program was:
| /* confdefs.h */
| #define PACKAGE_NAME ""
| #define PACKAGE_TARNAME ""
| #define PACKAGE_VERSION ""
| #define PACKAGE_STRING ""
| #define PACKAGE_BUGREPORT ""
| #define PACKAGE_URL ""
| #define STDC_HEADERS 1
| #define HAVE_SYS_TYPES_H 1
| #define HAVE_SYS_STAT_H 1
| #define HAVE_STDLIB_H 1
| #define HAVE_STRING_H 1
| #define HAVE_MEMORY_H 1
| #define HAVE_STRINGS_H 1
| #define HAVE_INTTYPES_H 1
| #define HAVE_STDINT_H 1
| #define HAVE_UNISTD_H 1
| #define SIZEOF_SHORT 2
| #define SIZEOF_INT 4
| #define SIZEOF_LONG 8
| #define U16 unsigned short
| #define U32 unsigned
| #define U64 unsigned long
| #define HAVE_DIRENT_H 1
| #define HAVE_SYS_SELECT_H 1
| #define HAVE_SCANDIR 1
| #define HAVE_SCANDIR_POSIX 1
| #define HAVE_VSNPRINTF 1
| #define HAVE_SNPRINTF 1
| #define HAVE_STRINGS_H 1
| #define HAVE_STRCASECMP 1
| /* end confdefs.h.  */
| /* Define strlcpy to an innocuous variant, in case <limits.h> declares strlcpy.
|    For example, HP-UX 11i <limits.h> declares gettimeofday.  */
| #define strlcpy innocuous_strlcpy
| 
| /* System header to define __stub macros and hopefully few prototypes,
|     which can conflict with char strlcpy (); below.
|     Prefer <limits.h> to <assert.h> if __STDC__ is defined, since
|     <limits.h> exists even on freestanding compilers.  */
| 
| #ifdef __STDC__
| # include <limits.h>
| #else
| # include <assert.h>
| #endif
| 
| #undef strlcpy
| 
| /* Override any GCC internal prototype to avoid an error.
|    Use char because int might match the return type of a GCC
|    builtin and then its argument prototype would still apply.  */
| #ifdef __cplusplus
| extern "C"
| #endif
| char strlcpy ();
| /* The GNU C library defines this for functions which it implements
|     to always fail with ENOSYS.  Some functions are actually named
|     something starting with __ and the normal name is an alias.  */
| #if defined __stub_strlcpy || defined __stub___strlcpy
| choke me
| #endif
| 
| int
| main ()
| {
| return strlcpy ();
|   ;
|   return 0;
| }
configure:5697: result: no
configure:5709: checking locale.h usability
configure:5709: gcc -c   conftest.c >&5
configure:5709: $? = 0
configure:5709: result: yes
configure:5709: checking locale.h presence
configure:5709: gcc -E  conftest.c
configure:5709: $? = 0
configure:5709: result: yes
configure:5709: checking for locale.h
configure:5709: result: yes
configure:5721: checking for localeconv
configure:5721: gcc -o conftest    conftest.c  >&5
configure:5721: $? = 0
configure:5721: result: yes
configure:5731: checking for library containing pow
configure:5762: gcc -o conftest    conftest.c  >&5
conftest.c:42:6: warning: conflicting types for built-in function 'pow'; expected 'double(double,  double)' [-Wbuiltin-declaration-mismatch]
   42 | char pow ();
      |      ^~~
conftest.c:1:1: note: 'pow' is declared in header '<math.h>'
    1 | /* confdefs.h */
/usr/bin/ld: /tmp/ccxGb7c0.o: in function `main':
conftest.c:(.text+0xa): undefined reference to `pow'
collect2: error: ld returned 1 exit status
configure:5762: $? = 1
configure: failed program was:
| /* confdefs.h */
| #define PACKAGE_NAME ""
| #define PACKAGE_TARNAME ""
| #define PACKAGE_VERSION ""
| #define PACKAGE_STRING ""
| #define PACKAGE_BUGREPORT ""
| #define PACKAGE_URL ""
| #define STDC_HEADERS 1
| #define HAVE_SYS_TYPES_H 1
| #define HAVE_SYS_STAT_H 1
| #define HAVE_STDLIB_H 1
| #define HAVE_STRING_H 1
| #define HAVE_MEMORY_H 1
| #define HAVE_STRINGS_H 1
| #define HAVE_INTTYPES_H 1
| #define HAVE_STDINT_H 1
| #define HAVE_UNISTD_H 1
| #define SIZEOF_SHORT 2
| #define SIZEOF_INT 4
| #define SIZEOF_LONG 8
| #define U16 unsigned short
| #define U32 unsigned
| #define U64 unsigned long
| #define HAVE_DIRENT_H 1
| #define HAVE_SYS_SELECT_H 1
| #define HAVE_SCANDIR 1
| #define HAVE_SCANDIR_POSIX 1
| #define HAVE_VSNPRINTF 1
| #define HAVE_SNPRINTF 1
| #define HAVE_STRINGS_H 1
| #define HAVE_STRCASECMP 1
| #define HAVE_LOCALE_H 1
| #define HAVE_LOCALECONV 1
| /* end confdefs.h.  */
| 
| /* Override any GCC internal prototype to avoid an error.
|    Use char because int might match the return type of a GCC
|    builtin and then its argument prototype would still apply.  */
| #ifdef __cplusplus
| extern "C"
| #endif
| char pow ();
| int
| main ()
| {
| return pow ();
|   ;
|   return 0;
| }
configure:5762: gcc -o conftest    conftest.c -lm   >&5
conftest.c:42:6: warning: conflicting types for built-in function 'pow'; expected 'double(double,  double)' [-Wbuiltin-declaration-mismatch]
   42 | char pow ();
      |      ^~~
conftest.c:1:1: note: 'pow' is declared in header '<math.h>'
    1 | /* confdefs.h */
configure:5762: $? = 0
configure:5779: result: -lm
configure:5795: checking for special C compiler options needed for large files
configure:5840: result: no
configure:5846: checking for _FILE_OFFSET_BITS value needed for large files
configure:5871: gcc -c   conftest.c >&5
configure:5871: $? = 0
configure:5903: result: no
configure:6003: checking for long long int
configure:6030: result: yes
configure:6038: checking for library containing dlsym
configure:6069: gcc -o conftest    conftest.c -lm  >&5
/usr/bin/ld: /tmp/ccTmnW07.o: in function `main':
conftest.c:(.text+0xa): undefined reference to `dlsym'
collect2: error: ld returned 1 exit status
configure:6069: $? = 1
configure: failed program was:
| /* confdefs.h */
| #define PACKAGE_NAME ""
| #define PACKAGE_TARNAME ""
| #define PACKAGE_VERSION ""
| #define PACKAGE_STRING ""
| #define PACKAGE_BUGREPORT ""
| #define PACKAGE_URL ""
| #define STDC_HEADERS 1
| #define HAVE_SYS_TYPES_H 1
| #define HAVE_SYS_STAT_H 1
| #define HAVE_STDLIB_H 1
| #define HAVE_STRING_H 1
| #define HAVE_MEMORY_H 1
| #define HAVE_STRINGS_H 1
| #define HAVE_INTTYPES_H 1
| #define HAVE_STDINT_H 1
| #define HAVE_UNISTD_H 1
| #define SIZEOF_SHORT 2
| #define SIZEOF_INT 4
| #define SIZEOF_LONG 8
| #define U16 unsigned short
| #define U32 unsigned
| #define U64 unsigned long
| #define HAVE_DIRENT_H 1
| #define HAVE_SYS_SELECT_H 1
| #define HAVE_SCANDIR 1
| #define HAVE_SCANDIR_POSIX 1
| #define HAVE_VSNPRINTF 1
| #define HAVE_SNPRINTF 1
| #define HAVE_STRINGS_H 1
| #define HAVE_STRCASECMP 1
| #define HAVE_LOCALE_H 1
| #define HAVE_LOCALECONV 1
| #define HAVE_LONG_LONG 1
| /* end confdefs.h.  */
| 
| /* Override any GCC internal prototype to avoid an error.
|    Use char because int might match the return type of a GCC
|    builtin and then its argument prototype would still apply.  */
| #ifdef __cplusplus
| extern "C"
| #endif
| char dlsym ();
| int
| main ()
| {
| return dlsym ();
|   ;
|   return 0;
| }
configure:6069: gcc -o conftest    conftest.c -ldl  -lm  >&5
configure:6069: $? = 0
configure:6086: result: -ldl
configure:6095: checking dlfcn.h usability
configure:6095: gcc -c   conftest.c >&5
configure:6095: $? = 0
configure:6095: result: yes
configure:6095: checking dlfcn.h presence
configure:6095: gcc -E  conftest.c
configure:6095: $? = 0
configure:6095: result: yes
configure:6095: checking for dlfcn.h
configure:6095: result: yes
configure:6115: checking alsa/asoundlib.h usability
configure:6115: gcc -c   conftest.c >&5
conftest.c:71:10: fatal error: alsa/asoundlib.h: No such file or directory
   71 | #include <alsa/asoundlib.h>
      |          ^~~~~~~~~~~~~~~~~~
compilation terminated.
configure:6115: $? = 1
configure: failed program was:
| /* confdefs.h */
| #define PACKAGE_NAME ""
| #define PACKAGE_TARNAME ""
| #define PACKAGE_VERSION ""
| #define PACKAGE_STRING ""
| #define PACKAGE_BUGREPORT ""
| #define PACKAGE_URL ""
| #define STDC_HEADERS 1
| #define HAVE_SYS_TYPES_H 1
| #define HAVE_SYS_STAT_H 1
| #define HAVE_STDLIB_H 1
| #define HAVE_STRING_H 1
| #define HAVE_MEMORY_H 1
| #define HAVE_STRINGS_H 1
| #define HAVE_INTTYPES_H 1
| #define HAVE_STDINT_H 1
| #define HAVE_UNISTD_H 1
| #define SIZEOF_SHORT 2
| #define SIZEOF_INT 4
| #define SIZEOF_LONG 8
| #define U16 unsigned short
| #define U32 unsigned
| #define U64 unsigned long
| #define HAVE_DIRENT_H 1
| #define HAVE_SYS_SELECT_H 1
| #define HAVE_SCANDIR 1
| #define HAVE_SCANDIR_POSIX 1
| #define HAVE_VSNPRINTF 1
| #define HAVE_SNPRINTF 1
| #define HAVE_STRINGS_H 1
| #define HAVE_STRCASECMP 1
| #define HAVE_LOCALE_H 1
| #define HAVE_LOCALECONV 1
| #define HAVE_LONG_LONG 1
| #define HAVE_DLSYM 1
| #define HAVE_DLFCN_H 1
| /* end confdefs.h.  */
| #include <stdio.h>
| #ifdef HAVE_SYS_TYPES_H
| # include <sys/types.h>
| #endif
| #ifdef HAVE_SYS_STAT_H
| # include <sys/stat.h>
| #endif
| #ifdef STDC_HEADERS
| # include <stdlib.h>
| # include <stddef.h>
| #else
| # ifdef HAVE_STDLIB_H
| #  include <stdlib.h>
| # endif
| #endif
| #ifdef HAVE_STRING_H
| # if !defined STDC_HEADERS && defined HAVE_MEMORY_H
| #  include <memory.h>
| # endif
| # include <string.h>
| #endif
| #ifdef HAVE_STRINGS_H
| # include <strings.h>
| #endif
| #ifdef HAVE_INTTYPES_H
| # include <inttypes.h>
| #endif
| #ifdef HAVE_STDINT_H
| # include <stdint.h>
| #endif
| #ifdef HAVE_UNISTD_H
| # include <unistd.h>
| #endif
| #include <alsa/asoundlib.h>
configure:6115: result: no
configure:6115: checking alsa/asoundlib.h presence
configure:6115: gcc -E  conftest.c
conftest.c:38:10: fatal error: alsa/asoundlib.h: No such file or directory
   38 | #include <alsa/asoundlib.h>
      |          ^~~~~~~~~~~~~~~~~~
compilation terminated.
configure:6115: $? = 1
configure: failed program was:
| /* confdefs.h */
| #define PACKAGE_NAME ""
| #define PACKAGE_TARNAME ""
| #define PACKAGE_VERSION ""
| #define PACKAGE_STRING ""
| #define PACKAGE_BUGREPORT ""
| #define PACKAGE_URL ""
| #define STDC_HEADERS 1
| #define HAVE_SYS_TYPES_H 1
| #define HAVE_SYS_STAT_H 1
| #define HAVE_STDLIB_H 1
| #define HAVE_STRING_H 1
| #define HAVE_MEMORY_H 1
| #define HAVE_STRINGS_H 1
| #define HAVE_INTTYPES_H 1
| #define HAVE_STDINT_H 1
| #define HAVE_UNISTD_H 1
| #define SIZEOF_SHORT 2
| #define SIZEOF_INT 4
| #define SIZEOF_LONG 8
| #define U16 unsigned short
| #define U32 unsigned
| #define U64 unsigned long
| #define HAVE_DIRENT_H 1
| #define HAVE_SYS_SELECT_H 1
| #define HAVE_SCANDIR 1
| #define HAVE_SCANDIR_POSIX 1
| #define HAVE_VSNPRINTF 1
| #define HAVE_SNPRINTF 1
| #define HAVE_STRINGS_H 1
| #define HAVE_STRCASECMP 1
| #define HAVE_LOCALE_H 1
| #define HAVE_LOCALECONV 1
| #define HAVE_LONG_LONG 1
| #define HAVE_DLSYM 1
| #define HAVE_DLFCN_H 1
| /* end confdefs.h.  */
| #include <alsa/asoundlib.h>
configure:6115: result: no
configure:6115: checking for alsa/asoundlib.h
configure:6115: result: no
configure:6147: checking for jpeg_CreateCompress in -ljpeg
configure:6172: gcc -o conftest    conftest.c -ljpeg  -ldl -lm  >&5
configure:6172: $? = 0
configure:6181: result: yes
configure:6184: checking jpeglib.h usability
configure:6184: gcc -c   conftest.c >&5
configure:6184: $? = 0
configure:6184: result: yes
configure:6184: checking jpeglib.h presence
configure:6184: gcc -E  conftest.c
configure:6184: $? = 0
configure:6184: result: yes
configure:6184: checking for jpeglib.h
configure:6184: result: yes
configure:6231: checking for gzgets in -lz
configure:6256: gcc -o conftest    conftest.c -lz  -ldl -lm  >&5
configure:6256: $? = 0
configure:6265: result: yes
configure:6268: checking zlib.h usability
configure:6268: gcc -c   conftest.c >&5
configure:6268: $? = 0
configure:6268: result: yes
configure:6268: checking zlib.h presence
configure:6268: gcc -E  conftest.c
configure:6268: $? = 0
configure:6268: result: yes
configure:6268: checking for zlib.h
configure:6268: result: yes
configure:6319: checking for png_read_info in -lpng
configure:6344: gcc -o conftest    conftest.c -lpng  -lz -ldl -lm  >&5
configure:6344: $? = 0
configure:6353: result: yes
configure:6356: checking png.h usability
configure:6356: gcc -c   conftest.c >&5
configure:6356: $? = 0
configure:6356: result: yes
configure:6356: checking png.h presence
configure:6356: gcc -E  conftest.c
configure:6356: $? = 0
configure:6356: result: yes
configure:6356: checking for png.h
configure:6356: result: yes
configure:6364: checking libpng/png.h usability
configure:6364: gcc -c   conftest.c >&5
configure:6364: $? = 0
configure:6364: result: yes
configure:6364: checking libpng/png.h presence
configure:6364: gcc -E  conftest.c
configure:6364: $? = 0
configure:6364: result: yes
configure:6364: checking for libpng/png.h
configure:6364: result: yes
configure:6405: checking for png_get_valid in -lpng
configure:6430: gcc -o conftest    conftest.c -lpng  -lz -ldl -lm  >&5
configure:6430: $? = 0
configure:6439: result: yes
configure:6446: checking for png_set_tRNS_to_alpha in -lpng
configure:6471: gcc -o conftest    conftest.c -lpng  -lz -ldl -lm  >&5
configure:6471: $? = 0
configure:6480: result: yes
configure:6520: checking pthread.h usability
configure:6520: gcc -c   conftest.c >&5
configure:6520: $? = 0
configure:6520: result: yes
configure:6520: checking pthread.h presence
configure:6520: gcc -E  conftest.c
configure:6520: $? = 0
configure:6520: result: yes
configure:6520: checking for pthread.h
configure:6520: result: yes
configure:6533: checking for pthread_create using -lpthreads
configure:6548: gcc -o conftest    conftest.c -lpthreads -ldl -lm  >&5
/usr/bin/ld: cannot find -lpthreads
collect2: error: ld returned 1 exit status
configure:6548: $? = 1
configure: failed program was:
| /* confdefs.h */
| #define PACKAGE_NAME ""
| #define PACKAGE_TARNAME ""
| #define PACKAGE_VERSION ""
| #define PACKAGE_STRING ""
| #define PACKAGE_BUGREPORT ""
| #define PACKAGE_URL ""
| #define STDC_HEADERS 1
| #define HAVE_SYS_TYPES_H 1
| #define HAVE_SYS_STAT_H 1
| #define HAVE_STDLIB_H 1
| #define HAVE_STRING_H 1
| #define HAVE_MEMORY_H 1
| #define HAVE_STRINGS_H 1
| #define HAVE_INTTYPES_H 1
| #define HAVE_STDINT_H 1
| #define HAVE_UNISTD_H 1
| #define SIZEOF_SHORT 2
| #define SIZEOF_INT 4
| #define SIZEOF_LONG 8
| #define U16 unsigned short
| #define U32 unsigned
| #define U64 unsigned long
| #define HAVE_DIRENT_H 1
| #define HAVE_SYS_SELECT_H 1
| #define HAVE_SCANDIR 1
| #define HAVE_SCANDIR_POSIX 1
| #define HAVE_VSNPRINTF 1
| #define HAVE_SNPRINTF 1
| #define HAVE_STRINGS_H 1
| #define HAVE_STRCASECMP 1
| #define HAVE_LOCALE_H 1
| #define HAVE_LOCALECONV 1
| #define HAVE_LONG_LONG 1
| #define HAVE_DLSYM 1
| #define HAVE_DLFCN_H 1
| #define HAVE_LIBJPEG 1
| #define HAVE_LIBZ 1
| #define HAVE_PNG_H 1
| #define HAVE_LIBPNG_PNG_H 1
| #define HAVE_LIBPNG 1
| #define HAVE_PNG_GET_VALID 1
| #define HAVE_PNG_SET_TRNS_TO_ALPHA 1
| #define HAVE_PTHREAD_H 1
| /* end confdefs.h.  */
| #include <pthread.h>
| int
| main ()
| {
| pthread_create(0, 0, 0, 0);
|   ;
|   return 0;
| }
configure:6555: result: no
configure:6533: checking for pthread_create using -lpthread
configure:6548: gcc -o conftest    conftest.c -lpthread -ldl -lm  >&5
configure:6548: $? = 0
configure:6555: result: yes
configure:6697: checking for X
configure:6805: gcc -E  conftest.c
configure:6805: $? = 0
configure:6836: gcc -o conftest    conftest.c -lX11 -lpthread -ldl -lm  >&5
configure:6836: $? = 0
configure:6886: result: libraries , headers 
configure:6985: gcc -o conftest    conftest.c -lpthread -ldl -lm   -lX11 >&5
configure:6985: $? = 0
configure:7083: checking for gethostbyname
configure:7083: gcc -o conftest    conftest.c -lpthread -ldl -lm  >&5
configure:7083: $? = 0
configure:7083: result: yes
configure:7180: checking for connect
configure:7180: gcc -o conftest    conftest.c -lpthread -ldl -lm  >&5
configure:7180: $? = 0
configure:7180: result: yes
configure:7229: checking for remove
configure:7229: gcc -o conftest    conftest.c -lpthread -ldl -lm  >&5
configure:7229: $? = 0
configure:7229: result: yes
configure:7278: checking for shmat
configure:7278: gcc -o conftest    conftest.c -lpthread -ldl -lm  >&5
configure:7278: $? = 0
configure:7278: result: yes
configure:7336: checking for IceConnectionNumber in -lICE
configure:7361: gcc -o conftest    conftest.c -lICE  -lpthread -ldl -lm  >&5
configure:7361: $? = 0
configure:7370: result: yes
configure:7386: WARNING: Ignoring libraries " -lSM -lICE" requested by configure.
configure:7404: checking for library containing dlopen
configure:7435: gcc -o conftest      conftest.c -lpthread -ldl -lm  -lX11  >&5
configure:7435: $? = 0
configure:7452: result: none required
configure:7460: checking GL/gl.h usability
configure:7460: gcc -c    conftest.c >&5
configure:7460: $? = 0
configure:7460: result: yes
configure:7460: checking GL/gl.h presence
configure:7460: gcc -E  conftest.c
configure:7460: $? = 0
configure:7460: result: yes
configure:7460: checking for GL/gl.h
configure:7460: result: yes
configure:7462: checking for glXMakeCurrent in -lGL
configure:7487: gcc -o conftest      conftest.c -lGL -lm -lpthread -ldl -lm  -lX11  >&5
configure:7487: $? = 0
configure:7496: result: yes
configure:7547: checking for glXGetProcAddressARB in -lGL
configure:7572: gcc -o conftest      conftest.c -lGL -lm -lpthread -ldl -lm  -lX11  >&5
configure:7572: $? = 0
configure:7581: result: yes
configure:7592: checking GL/glu.h usability
configure:7592: gcc -c    conftest.c >&5
configure:7592: $? = 0
configure:7592: result: yes
configure:7592: checking GL/glu.h presence
configure:7592: gcc -E  conftest.c
configure:7592: $? = 0
configure:7592: result: yes
configure:7592: checking for GL/glu.h
configure:7592: result: yes
configure:7628: checking for XineramaIsActive in -lXinerama
configure:7653: gcc -o conftest      conftest.c -lXinerama  -lpthread -ldl -lm  -lX11  >&5
configure:7653: $? = 0
configure:7662: result: yes
configure:7684: checking for pkg-config
configure:7702: found /usr/bin/pkg-config
configure:7714: result: /usr/bin/pkg-config
configure:7784: checking for FcPatternCreate in -lfontconfig
configure:7809: gcc -o conftest -I/usr/include/uuid -I/usr/include/freetype2 -I/usr/include/libpng16   -I/usr/include/uuid -I/usr/include/freetype2 -I/usr/include/libpng16    conftest.c -lfontconfig  -lXinerama -lpthread -ldl -lm  -lX11  >&5
configure:7809: $? = 0
configure:7818: result: yes
configure:7829: checking X11/Xft/Xft.h usability
configure:7829: gcc -c -I/usr/include/uuid -I/usr/include/freetype2 -I/usr/include/libpng16   -I/usr/include/uuid -I/usr/include/freetype2 -I/usr/include/libpng16  conftest.c >&5
configure:7829: $? = 0
configure:7829: result: yes
configure:7829: checking X11/Xft/Xft.h presence
configure:7829: gcc -E -I/usr/include/uuid -I/usr/include/freetype2 -I/usr/include/libpng16  conftest.c
configure:7829: $? = 0
configure:7829: result: yes
configure:7829: checking for X11/Xft/Xft.h
configure:7829: result: yes
configure:7831: checking for XftDrawCreate in -lXft
configure:7856: gcc -o conftest -I/usr/include/uuid -I/usr/include/freetype2 -I/usr/include/libpng16   -I/usr/include/uuid -I/usr/include/freetype2 -I/usr/include/libpng16    conftest.c -lXft  -lfontconfig -lXinerama -lpthread -ldl -lm  -lX11  >&5
configure:7856: $? = 0
configure:7865: result: yes
configure:7897: checking for X11/extensions/Xdbe.h
configure:7897: gcc -c -I/usr/include/uuid -I/usr/include/freetype2 -I/usr/include/libpng16   -I/usr/include/uuid -I/usr/include/freetype2 -I/usr/include/libpng16  conftest.c >&5
configure:7897: $? = 0
configure:7897: result: yes
configure:7900: checking for XdbeQueryExtension in -lXext
configure:7925: gcc -o conftest -I/usr/include/uuid -I/usr/include/freetype2 -I/usr/include/libpng16   -I/usr/include/uuid -I/usr/include/freetype2 -I/usr/include/libpng16    conftest.c -lXext  -lXft -lfontconfig -lXinerama -lpthread -ldl -lm  -lX11  >&5
configure:7925: $? = 0
configure:7934: result: yes
configure:7956: checking for X11/extensions/Xfixes.h
configure:7956: gcc -c -I/usr/include/uuid -I/usr/include/freetype2 -I/usr/include/libpng16   -I/usr/include/uuid -I/usr/include/freetype2 -I/usr/include/libpng16  conftest.c >&5
configure:7956: $? = 0
configure:7956: result: yes
configure:7959: checking for XFixesQueryExtension in -lXfixes
configure:7984: gcc -o conftest -I/usr/include/uuid -I/usr/include/freetype2 -I/usr/include/libpng16   -I/usr/include/uuid -I/usr/include/freetype2 -I/usr/include/libpng16    conftest.c -lXfixes  -lXext -lXft -lfontconfig -lXinerama -lpthread -ldl -lm  -lX11  >&5
configure:7984: $? = 0
configure:7993: result: yes
configure:8015: checking for X11/Xcursor/Xcursor.h
configure:8015: gcc -c -I/usr/include/uuid -I/usr/include/freetype2 -I/usr/include/libpng16   -I/usr/include/uuid -I/usr/include/freetype2 -I/usr/include/libpng16  conftest.c >&5
configure:8015: $? = 0
configure:8015: result: yes
configure:8018: checking for XcursorImageCreate in -lXcursor
configure:8043: gcc -o conftest -I/usr/include/uuid -I/usr/include/freetype2 -I/usr/include/libpng16   -I/usr/include/uuid -I/usr/include/freetype2 -I/usr/include/libpng16    conftest.c -lXcursor  -lXfixes -lXext -lXft -lfontconfig -lXinerama -lpthread -ldl -lm  -lX11  >&5
configure:8043: $? = 0
configure:8052: result: yes
configure:8074: checking for X11/extensions/Xrender.h
configure:8074: gcc -c -I/usr/include/uuid -I/usr/include/freetype2 -I/usr/include/libpng16   -I/usr/include/uuid -I/usr/include/freetype2 -I/usr/include/libpng16  conftest.c >&5
configure:8074: $? = 0
configure:8074: result: yes
configure:8077: checking for XRenderQueryVersion in -lXrender
configure:8102: gcc -o conftest -I/usr/include/uuid -I/usr/include/freetype2 -I/usr/include/libpng16   -I/usr/include/uuid -I/usr/include/freetype2 -I/usr/include/libpng16    conftest.c -lXrender  -lXcursor -lXfixes -lXext -lXft -lfontconfig -lXinerama -lpthread -ldl -lm  -lX11  >&5
configure:8102: $? = 0
configure:8111: result: yes
configure:8125: checking for X11/Xregion.h
configure:8125: gcc -c -I/usr/include/uuid -I/usr/include/freetype2 -I/usr/include/libpng16   -I/usr/include/uuid -I/usr/include/freetype2 -I/usr/include/libpng16  conftest.c >&5
configure:8125: $? = 0
configure:8125: result: yes
configure:8136: checking for xprop
configure:8154: found /usr/bin/xprop
configure:8166: result: /usr/bin/xprop
configure:8174: checking for X overlay visuals
configure:8189: result: no
configure:8336: checking if GCC supports -fno-exceptions
configure:8351: gcc -c -I/usr/include/uuid -I/usr/include/freetype2 -I/usr/include/libpng16   -fno-exceptions -I/usr/include/uuid -I/usr/include/freetype2 -I/usr/include/libpng16  conftest.c >&5
configure:8351: $? = 0
configure:8353: result: yes
configure:8363: checking if GCC supports -fno-strict-aliasing
configure:8378: gcc -c -I/usr/include/uuid -I/usr/include/freetype2 -I/usr/include/libpng16   -fno-strict-aliasing -I/usr/include/uuid -I/usr/include/freetype2 -I/usr/include/libpng16  conftest.c >&5
configure:8378: $? = 0
configure:8380: result: yes
configure:8390: checking if ld supports -no-undefined
configure:8405: gcc -o conftest -I/usr/include/uuid -I/usr/include/freetype2 -I/usr/include/libpng16   -I/usr/include/uuid -I/usr/include/freetype2 -I/usr/include/libpng16    -Wl,-no-undefined conftest.c -lXrender -lXcursor -lXfixes -lXext -lXft -lfontconfig -lXinerama -lpthread -ldl -lm  -lX11  >&5
configure:8405: $? = 0
configure:8407: result: yes
configure:8418: checking if ld supports -Bsymbolic-functions
configure:8433: gcc -o conftest -I/usr/include/uuid -I/usr/include/freetype2 -I/usr/include/libpng16   -I/usr/include/uuid -I/usr/include/freetype2 -I/usr/include/libpng16    -Wl,-Bsymbolic-functions conftest.c -lXrender -lXcursor -lXfixes -lXext -lXft -lfontconfig -lXinerama -lpthread -ldl -lm  -lX11  >&5
configure:8433: $? = 0
configure:8435: result: yes
configure:8446: checking if toolchain supports sections
configure:8463: gcc -o conftest -I/usr/include/uuid -I/usr/include/freetype2 -I/usr/include/libpng16   -ffunction-sections -fdata-sections -I/usr/include/uuid -I/usr/include/freetype2 -I/usr/include/libpng16    -Wl,-gc-sections conftest.c -lXrender -lXcursor -lXfixes -lXext -lXft -lfontconfig -lXinerama -lpthread -ldl -lm  -lX11  >&5
configure:8463: $? = 0
configure:8466: result: yes
configure:8862: creating ./config.status

## ---------------------- ##
## Running config.status. ##
## ---------------------- ##

This file was extended by config.status, which was
generated by GNU Autoconf 2.69.  Invocation command line was

  CONFIG_FILES    = 
  CONFIG_HEADERS  = 
  CONFIG_LINKS    = 
  CONFIG_COMMANDS = 
  $ ./config.status 

on parrot

config.status:935: creating makeinclude
config.status:935: creating fltk.list
config.status:935: creating fltk-config
config.status:935: creating fltk.spec
config.status:935: creating FL/Makefile
config.status:935: creating config.h
config.status:935: creating FL/abi-version.h

## ---------------- ##
## Cache variables. ##
## ---------------- ##

ac_cv_build=x86_64-pc-linux-gnu
ac_cv_c_bigendian=no
ac_cv_c_compiler_gnu=yes
ac_cv_c_long_long=yes
ac_cv_cxx_bool=yes
ac_cv_cxx_compiler_gnu=yes
ac_cv_cxx_scandir_posix=yes
ac_cv_env_CCC_set=
ac_cv_env_CCC_value=
ac_cv_env_CC_set=
ac_cv_env_CC_value=
ac_cv_env_CFLAGS_set=
ac_cv_env_CFLAGS_value=
ac_cv_env_CPPFLAGS_set=
ac_cv_env_CPPFLAGS_value=
ac_cv_env_CPP_set=
ac_cv_env_CPP_value=
ac_cv_env_CXXFLAGS_set=
ac_cv_env_CXXFLAGS_value=
ac_cv_env_CXX_set=
ac_cv_env_CXX_value=
ac_cv_env_LDFLAGS_set=
ac_cv_env_LDFLAGS_value=
ac_cv_env_LIBS_set=
ac_cv_env_LIBS_value=
ac_cv_env_XMKMF_set=
ac_cv_env_XMKMF_value=
ac_cv_env_build_alias_set=
ac_cv_env_build_alias_value=
ac_cv_env_host_alias_set=
ac_cv_env_host_alias_value=
ac_cv_env_target_alias_set=
ac_cv_env_target_alias_value=
ac_cv_func_connect=yes
ac_cv_func_gethostbyname=yes
ac_cv_func_localeconv=yes
ac_cv_func_remove=yes
ac_cv_func_shmat=yes
ac_cv_func_snprintf=yes
ac_cv_func_strcasecmp=yes
ac_cv_func_strlcat=no
ac_cv_func_strlcpy=no
ac_cv_func_vsnprintf=yes
ac_cv_have_overlay=no
ac_cv_have_x='have_x=yes	ac_x_includes='\'''\''	ac_x_libraries='\'''\'''
ac_cv_header_GL_gl_h=yes
ac_cv_header_GL_glu_h=yes
ac_cv_header_X11_Xcursor_Xcursor_h=yes
ac_cv_header_X11_Xft_Xft_h=yes
ac_cv_header_X11_Xregion_h=yes
ac_cv_header_X11_extensions_Xdbe_h=yes
ac_cv_header_X11_extensions_Xfixes_h=yes
ac_cv_header_X11_extensions_Xrender_h=yes
ac_cv_header_alsa_asoundlib_h=no
ac_cv_header_dirent_dirent_h=yes
ac_cv_header_dlfcn_h=yes
ac_cv_header_inttypes_h=yes
ac_cv_header_jpeglib_h=yes
ac_cv_header_libpng_png_h=yes
ac_cv_header_locale_h=yes
ac_cv_header_memory_h=yes
ac_cv_header_png_h=yes
ac_cv_header_pthread_h=yes
ac_cv_header_stdc=yes
ac_cv_header_stdint_h=yes
ac_cv_header_stdlib_h=yes
ac_cv_header_string_h=yes
ac_cv_header_strings_h=yes
ac_cv_header_sys_select_h=yes
ac_cv_header_sys_stat_h=yes
ac_cv_header_sys_stdtypes_h=no
ac_cv_header_sys_types_h=yes
ac_cv_header_unistd_h=yes
ac_cv_header_zlib_h=yes
ac_cv_host=x86_64-pc-linux-gnu
ac_cv_lib_GL_glXGetProcAddressARB=yes
ac_cv_lib_GL_glXMakeCurrent=yes
ac_cv_lib_ICE_IceConnectionNumber=yes
ac_cv_lib_Xcursor_XcursorImageCreate=yes
ac_cv_lib_Xext_XdbeQueryExtension=yes
ac_cv_lib_Xfixes_XFixesQueryExtension=yes
ac_cv_lib_Xft_XftDrawCreate=yes
ac_cv_lib_Xinerama_XineramaIsActive=yes
ac_cv_lib_Xrender_XRenderQueryVersion=yes
ac_cv_lib_fontconfig_FcPatternCreate=yes
ac_cv_lib_jpeg_jpeg_CreateCompress=yes
ac_cv_lib_png_png_get_valid=yes
ac_cv_lib_png_png_read_info=yes
ac_cv_lib_png_png_set_tRNS_to_alpha=yes
ac_cv_lib_z_gzgets=yes
ac_cv_objext=o
ac_cv_path_EGREP='/bin/grep -E'
ac_cv_path_GREP=/bin/grep
ac_cv_path_NROFF=/usr/bin/nroff
ac_cv_path_PKGCONFIG=/usr/bin/pkg-config
ac_cv_path_XPROP=/usr/bin/xprop
ac_cv_path_ac_pt_AR=/usr/bin/ar
ac_cv_path_install='/usr/bin/install -c'
ac_cv_prog_CPP='gcc -E'
ac_cv_prog_ac_ct_CC=gcc
ac_cv_prog_ac_ct_CXX=g++
ac_cv_prog_ac_ct_RANLIB=ranlib
ac_cv_prog_cc_c89=
ac_cv_prog_cc_g=yes
ac_cv_prog_cxx_g=yes
ac_cv_search_dlopen='none required'
ac_cv_search_dlsym=-ldl
ac_cv_search_opendir='none required'
ac_cv_search_pow=-lm
ac_cv_sizeof_int=4
ac_cv_sizeof_long=8
ac_cv_sizeof_short=2
ac_cv_sys_file_offset_bits=no
ac_cv_sys_largefile_CC=no

## ----------------- ##
## Output variables. ##
## ----------------- ##

AR='/usr/bin/ar'
ARCHFLAGS=''
AUDIOLIBS=''
BINARY_DIR=''
CAIRODIR=''
CAIRODSONAME=''
CAIROFLAGS=''
CAIROLIBBASENAME='libfltk_cairo.a'
CAIROLIBNAME='../lib/libfltk_cairo.a'
CAIROLIBS=''
CAT1EXT='1'
CAT3EXT='3'
CAT6EXT='6'
CC='gcc'
CFLAGS='-I/usr/include/uuid -I/usr/include/freetype2 -I/usr/include/libpng16  '
CPP='gcc -E'
CPPFLAGS='-I/usr/include/uuid -I/usr/include/freetype2 -I/usr/include/libpng16 '
CXX='g++'
CXXFLAGS='-I/usr/include/uuid -I/usr/include/freetype2 -I/usr/include/libpng16  '
DEFS='-DHAVE_CONFIG_H'
DOXYDOC=''
DSOCOMMAND='echo'
DSOFLAGS='  -Wl,-no-undefined -Wl,-Bsymbolic-functions -Wl,-gc-sections'
DSOLINK=''
DSONAME=''
ECHO_C=''
ECHO_N='-n'
ECHO_T=''
EGREP='/bin/grep -E'
EXEEXT=''
FLDSONAME=''
FLLIBBASENAME='libfltk_forms.a'
FLLIBNAME='../lib/libfltk_forms.a'
FLTKCAIROOPTION=''
FLUID='fluid'
FL_ABI_VERSION='1.3.0'
FL_DSO_VERSION='1.3'
FL_MAJOR_VERSION='1'
FL_MINOR_VERSION='3'
FL_PATCH_VERSION='5'
FL_VERSION='1.3.5'
FTCONFIG=''
GLDEMOS='gldemos'
GLDSONAME=''
GLLIB='-lGLU -lGL'
GLLIBBASENAME='libfltk_gl.a'
GLLIBNAME='../lib/libfltk_gl.a'
GREP='/bin/grep'
GROFF=''
HLINKS='#'
IMAGELIBS='-lpng -lz -ljpeg '
IMGDSONAME=''
IMGLIBBASENAME='libfltk_images.a'
IMGLIBNAME='../lib/libfltk_images.a'
INSTALL_DATA='${INSTALL} -m 644'
INSTALL_DESKTOP='install-linux'
INSTALL_PROGRAM='${INSTALL}'
INSTALL_SCRIPT='${INSTALL}'
JPEG=''
JPEGINC=''
LARGEFILE='-D_LARGEFILE_SOURCE -D_LARGEFILE64_SOURCE'
LDFLAGS=' '
LIBBASENAME='libfltk.a'
LIBCOMMAND='/usr/bin/ar cr'
LIBEXT='.a'
LIBNAME='../lib/libfltk.a'
LIBOBJS=''
LIBS='-lXrender -lXcursor -lXfixes -lXext -lXft -lfontconfig -lXinerama -lpthread -ldl -lm  -lX11 '
LINKFLTK='../lib/libfltk.a'
LINKFLTKCAIRO=''
LINKFLTKFORMS='../lib/libfltk_forms.a'
LINKFLTKGL='../lib/libfltk_gl.a'
LINKFLTKIMG='../lib/libfltk_images.a'
LINKSHARED=' ../lib/libfltk_images.a ../lib/libfltk_forms.a ../lib/libfltk.a'
LTLIBOBJS=''
MAKEDEPEND='$(CXX) -M'
NROFF='/usr/bin/nroff'
OBJEXT='o'
OPTIM=' -Os -Wall -Wunused -Wno-format-y2k  -fno-exceptions -fno-strict-aliasing -ffunction-sections -fdata-sections'
OSX_ONLY=':'
PACKAGE_BUGREPORT=''
PACKAGE_NAME=''
PACKAGE_STRING=''
PACKAGE_TARNAME=''
PACKAGE_URL=''
PACKAGE_VERSION=''
PATH_SEPARATOR=':'
PKGCONFIG='/usr/bin/pkg-config'
PNG=''
PNGINC=''
PTHREAD_FLAGS='-D_THREAD_SAFE -D_REENTRANT'
RANLIB='ranlib'
RC=''
SHAREDSUFFIX=''
SHELL='/bin/bash'
STATICIMAGELIBS='-lpng -lz -ljpeg '
THREADS='threads'
UNINSTALL_DESKTOP='uninstall-linux'
USEMMFILES='No'
XMKMF=''
XPROP='/usr/bin/xprop'
X_CFLAGS=''
X_EXTRA_LIBS=''
X_LIBS=''
X_PRE_LIBS=' -lSM -lICE'
ZLIB=''
ZLIBINC=''
ac_ct_CC='gcc'
ac_ct_CXX='g++'
bindir='${exec_prefix}/bin'
build='x86_64-pc-linux-gnu'
build_alias=''
build_cpu='x86_64'
build_os='linux-gnu'
build_vendor='pc'
datadir='${datarootdir}'
datarootdir='${prefix}/share'
docdir='${datarootdir}/doc/${PACKAGE}'
dvidir='${docdir}'
exec_prefix='${prefix}'
host='x86_64-pc-linux-gnu'
host_alias=''
host_cpu='x86_64'
host_os='linux-gnu'
host_vendor='pc'
htmldir='${docdir}'
includedir='${prefix}/include'
infodir='${datarootdir}/info'
libdir='${exec_prefix}/lib'
libexecdir='${exec_prefix}/libexec'
localedir='${datarootdir}/locale'
localstatedir='${prefix}/var'
mandir='${datarootdir}/man'
oldincludedir='/usr/include'
pdfdir='${docdir}'
prefix='/usr/local'
program_transform_name='s,x,x,'
psdir='${docdir}'
runstatedir='${localstatedir}/run'
sbindir='${exec_prefix}/sbin'
sharedstatedir='${prefix}/com'
sysconfdir='${prefix}/etc'
target_alias=''

## ----------- ##
## confdefs.h. ##
## ----------- ##

/* confdefs.h */
#define PACKAGE_NAME ""
#define PACKAGE_TARNAME ""
#define PACKAGE_VERSION ""
#define PACKAGE_STRING ""
#define PACKAGE_BUGREPORT ""
#define PACKAGE_URL ""
#define STDC_HEADERS 1
#define HAVE_SYS_TYPES_H 1
#define HAVE_SYS_STAT_H 1
#define HAVE_STDLIB_H 1
#define HAVE_STRING_H 1
#define HAVE_MEMORY_H 1
#define HAVE_STRINGS_H 1
#define HAVE_INTTYPES_H 1
#define HAVE_STDINT_H 1
#define HAVE_UNISTD_H 1
#define SIZEOF_SHORT 2
#define SIZEOF_INT 4
#define SIZEOF_LONG 8
#define U16 unsigned short
#define U32 unsigned
#define U64 unsigned long
#define HAVE_DIRENT_H 1
#define HAVE_SYS_SELECT_H 1
#define HAVE_SCANDIR 1
#define HAVE_SCANDIR_POSIX 1
#define HAVE_VSNPRINTF 1
#define HAVE_SNPRINTF 1
#define HAVE_STRINGS_H 1
#define HAVE_STRCASECMP 1
#define HAVE_LOCALE_H 1
#define HAVE_LOCALECONV 1
#define HAVE_LONG_LONG 1
#define HAVE_DLSYM 1
#define HAVE_DLFCN_H 1
#define HAVE_LIBJPEG 1
#define HAVE_LIBZ 1
#define HAVE_PNG_H 1
#define HAVE_LIBPNG_PNG_H 1
#define HAVE_LIBPNG 1
#define HAVE_PNG_GET_VALID 1
#define HAVE_PNG_SET_TRNS_TO_ALPHA 1
#define HAVE_PTHREAD_H 1
#define HAVE_PTHREAD 1
#define HAVE_PTHREAD 1
#define USE_X11 1
#define HAVE_GL 1
#define HAVE_GLXGETPROCADDRESSARB 1
#define HAVE_GL_GLU_H 1
#define HAVE_XINERAMA 1
#define HAVE_LIBFONTCONFIG 1
#define USE_XFT 1
#define HAVE_XDBE 1
#define HAVE_XFIXES 1
#define HAVE_XCURSOR 1
#define HAVE_XRENDER 1
#define HAVE_X11_XREGION_H 1
#define FLTK_DOCDIR "/usr/local/share/doc/fltk"
#define FLTK_DATADIR "/usr/local/share/fltk"

configure: exit 0
